<?xml version="1.0" encoding="utf-8"?>
<CatapultTargetOutput
  GeneratedTarget="/Output/DevGuide PDF/DevGuide PDF.pdf"
  BuildVersion="9.1.1.0">
  <Files>
    <Url
      Source="Output/Bob/Temporary/DevGuide PDF/DevGuide PDF_3A1FBADE/images/intermapper.png" />
    <Url
      Source="Output/Bob/Temporary/DevGuide PDF/DevGuide PDF_3A1FBADE/images/welcomemap.png" />
    <Url
      Source="Output/Bob/Temporary/DevGuide PDF/DevGuide PDF_3A1FBADE/images/SetProbeWindow1.png" />
    <Url
      Source="Output/Bob/Temporary/DevGuide PDF/DevGuide PDF_3A1FBADE/images/dialog_paramtest.png" />
    <Url
      Source="Output/Bob/Temporary/DevGuide PDF/DevGuide PDF_3A1FBADE/images/ifTable.gif" />
    <Url
      Source="Output/Bob/Temporary/DevGuide PDF/DevGuide PDF_3A1FBADE/images/ackwindowap.gif" />
    <Url
      Source="Output/Bob/Temporary/DevGuide PDF/DevGuide PDF_3A1FBADE/images/nagiosplugin.png" />
    <Url
      Source="Output/Bob/Temporary/DevGuide PDF/DevGuide PDF_3A1FBADE/images/check_load_status_window.png" />
    <Url
      Source="Output/Bob/Temporary/DevGuide PDF/DevGuide PDF_3A1FBADE/images/ImportProbeButton.png" />
    <Url
      Source="Output/Bob/Temporary/DevGuide PDF/DevGuide PDF_3A1FBADE/images/ReloadProbeButton.png" />
    <Url
      Source="Output/Bob/Temporary/DevGuide PDF/DevGuide PDF_3A1FBADE/images/snmpwalkcommand.png" />
    <Url
      Source="Output/DevGuide PDF/DevGuide PDF.pdf" />
  </Files>
  <Skins />
</CatapultTargetOutput>