<?xml version="1.0" encoding="utf-8"?>
<CatapultTargetOutput
  GeneratedTarget="/Output/DevGuide Online/index.html"
  BuildVersion="8.1.2.0"
  AliasFile="/Output/DevGuide Online/Data/Alias.xml">
  <Files>
    <Url
      Source="Output/DevGuide Online/Content/Resources/default.css" />
    <Url
      Source="Output/DevGuide Online/Content/Glossary.htm" />
    <Url
      Source="Output/DevGuide Online/Content/dartware.js" />
    <Url
      Source="Output/DevGuide Online/Content/dirlist.php" />
    <Url
      Source="Output/DevGuide Online/Content/OLDdefault.css" />
    <Url
      Source="Output/DevGuide Online/Content/images/ackwindowap.gif" />
    <Url
      Source="Output/DevGuide Online/Content/images/blank.gif" />
    <Url
      Source="Output/DevGuide Online/Content/images/check_load_status_window.png" />
    <Url
      Source="Output/DevGuide Online/Content/images/dialog_paramtest.png" />
    <Url
      Source="Output/DevGuide Online/Content/images/ifTable.gif" />
    <Url
      Source="Output/DevGuide Online/Content/images/ImportProbeButton.png" />
    <Url
      Source="Output/DevGuide Online/Content/images/intermapper.png" />
    <Url
      Source="Output/DevGuide Online/Content/images/ipNetToMediaTable.gif" />
    <Url
      Source="Output/DevGuide Online/Content/images/logo.jpg" />
    <Url
      Source="Output/DevGuide Online/Content/images/logoicon.png" />
    <Url
      Source="Output/DevGuide Online/Content/images/nagiosplugin.png" />
    <Url
      Source="Output/DevGuide Online/Content/images/nagiostemplate.gif" />
    <Url
      Source="Output/DevGuide Online/Content/images/OLDwelcomemap.png" />
    <Url
      Source="Output/DevGuide Online/Content/images/probeconfigcusttcp.gif" />
    <Url
      Source="Output/DevGuide Online/Content/images/probeconfigdescr.png" />
    <Url
      Source="Output/DevGuide Online/Content/images/ReloadProbeButton.png" />
    <Url
      Source="Output/DevGuide Online/Content/images/SelectProbe-SNMP.png" />
    <Url
      Source="Output/DevGuide Online/Content/images/setprobe-custtcp.png" />
    <Url
      Source="Output/DevGuide Online/Content/images/setprobe.png" />
    <Url
      Source="Output/DevGuide Online/Content/images/snmpwalkcommand.png" />
    <Url
      Source="Output/DevGuide Online/Content/images/welcomemap.png" />
    <Url
      Source="Output/DevGuide Online/Content/Resources/default.zip" />
    <Url
      Source="Output/DevGuide Online/Content/Resources/Images/NewImport/03000001.png" />
    <Url
      Source="Output/DevGuide Online/Content/Resources/Stylesheets/NewImport.css" />
    <Url
      Source="Output/DevGuide Online/Content/Introduction.html" />
    <Url
      Source="Output/DevGuide Online/Content/01-Preface/warranty.html" />
    <Url
      Source="Output/DevGuide Online/Content/01-Preface/ThirdParty.htm" />
    <Url
      Source="Output/DevGuide Online/Content/02-CustomProbes/customprobes.html" />
    <Url
      Source="Output/DevGuide Online/Content/02-CustomProbes/Anatomy_of_a_Probe.htm" />
    <Url
      Source="Output/DevGuide Online/Content/02-CustomProbes/header.html" />
    <Url
      Source="Output/DevGuide Online/Content/02-CustomProbes/description.html" />
    <Url
      Source="Output/DevGuide Online/Content/02-CustomProbes/parameters.html" />
    <Url
      Source="Output/DevGuide Online/Content/02-CustomProbes/recordingdata.htm" />
    <Url
      Source="Output/DevGuide Online/Content/02-CustomProbes/dartwareprobedata.htm" />
    <Url
      Source="Output/DevGuide Online/Content/02-CustomProbes/probestatuswindows.html" />
    <Url
      Source="Output/DevGuide Online/Content/02-CustomProbes/IMML - InterMapper Markup Language.htm" />
    <Url
      Source="Output/DevGuide Online/Content/02-CustomProbes/comments.html" />
    <Url
      Source="Output/DevGuide Online/Content/02-CustomProbes/builtinvariablereference.htm" />
    <Url
      Source="Output/DevGuide Online/Content/02-CustomProbes/PersistentVariables.htm" />
    <Url
      Source="Output/DevGuide Online/Content/02-CustomProbes/customsnmpprobes.html" />
    <Url
      Source="Output/DevGuide Online/Content/02-CustomProbes/Probe_Variables.htm" />
    <Url
      Source="Output/DevGuide Online/Content/02-CustomProbes/Thresholds.htm" />
    <Url
      Source="Output/DevGuide Online/Content/02-CustomProbes/OnDemandTables.htm" />
    <Url
      Source="Output/DevGuide Online/Content/02-CustomProbes/snmpdevicedisplaysection.htm" />
    <Url
      Source="Output/DevGuide Online/Content/02-CustomProbes/alarmpoints.htm" />
    <Url
      Source="Output/DevGuide Online/Content/02-CustomProbes/alarmpointformat.htm" />
    <Url
      Source="Output/DevGuide Online/Content/02-CustomProbes/alarmpointnotifiers.htm" />
    <Url
      Source="Output/DevGuide Online/Content/02-CustomProbes/probecalculations.htm" />
    <Url
      Source="Output/DevGuide Online/Content/02-CustomProbes/probeproperties.htm" />
    <Url
      Source="Output/DevGuide Online/Content/02-CustomProbes/snmpoids.htm" />
    <Url
      Source="Output/DevGuide Online/Content/02-CustomProbes/EnumeratedValuesInSNMP.htm" />
    <Url
      Source="Output/DevGuide Online/Content/02-CustomProbes/handlingtraps.htm" />
    <Url
      Source="Output/DevGuide Online/Content/02-CustomProbes/snmp-device-variables-traps.htm" />
    <Url
      Source="Output/DevGuide Online/Content/02-CustomProbes/snmp-device-display-traps.htm" />
    <Url
      Source="Output/DevGuide Online/Content/02-CustomProbes/trap_viewing_and_logging.htm" />
    <Url
      Source="Output/DevGuide Online/Content/02-CustomProbes/trapexample.htm" />
    <Url
      Source="Output/DevGuide Online/Content/02-CustomProbes/dartwaremib.html" />
    <Url
      Source="Output/DevGuide Online/Content/02-CustomProbes/TCP_Probes.htm" />
    <Url
      Source="Output/DevGuide Online/Content/02-CustomProbes/language.html" />
    <Url
      Source="Output/DevGuide Online/Content/02-CustomProbes/tcpscriptoutputsection.htm" />
    <Url
      Source="Output/DevGuide Online/Content/02-CustomProbes/commandref.html" />
    <Url
      Source="Output/DevGuide Online/Content/02-CustomProbes/timing.html" />
    <Url
      Source="Output/DevGuide Online/Content/02-CustomProbes/tcpexample.html" />
    <Url
      Source="Output/DevGuide Online/Content/02-CustomProbes/commandlineprobes.htm" />
    <Url
      Source="Output/DevGuide Online/Content/02-CustomProbes/command-line-section.htm" />
    <Url
      Source="Output/DevGuide Online/Content/02-CustomProbes/command-exit-section.htm" />
    <Url
      Source="Output/DevGuide Online/Content/02-CustomProbes/Probe_Tool_Section.htm" />
    <Url
      Source="Output/DevGuide Online/Content/02-CustomProbes/command-display-section.htm" />
    <Url
      Source="Output/DevGuide Online/Content/02-CustomProbes/cmdlineprobeexample.htm" />
    <Url
      Source="Output/DevGuide Online/Content/02-CustomProbes/PythonPlugins.htm" />
    <Url
      Source="Output/DevGuide Online/Content/02-CustomProbes/nagios.htm" />
    <Url
      Source="Output/DevGuide Online/Content/02-CustomProbes/Nagios Plugin Example.htm" />
    <Url
      Source="Output/DevGuide Online/Content/02-CustomProbes/NOAA_probe.htm" />
    <Url
      Source="Output/DevGuide Online/Content/02-CustomProbes/installing.html" />
    <Url
      Source="Output/DevGuide Online/Content/02-CustomProbes/Modifying Built-in Probes.htm" />
    <Url
      Source="Output/DevGuide Online/Content/02-CustomProbes/Sharing_Custom_Probes.htm" />
    <Url
      Source="Output/DevGuide Online/Content/02-CustomProbes/TroubleshootingProbes.htm" />
    <Url
      Source="Output/DevGuide Online/Content/02-CustomProbes/errors.html" />
    <Url
      Source="Output/DevGuide Online/Content/02-CustomProbes/Debugging_with_SNMPWalk.htm" />
    <Url
      Source="Output/DevGuide Online/Content/02-CustomProbes/snmpwalk_o.htm" />
    <Url
      Source="Output/DevGuide Online/Content/02-CustomProbes/APIOverview.htm" />
    <Url
      Source="Output/DevGuide Online/Content/02-CustomProbes/APIImportingExportingFiles.htm" />
    <Url
      Source="Output/DevGuide Online/Content/02-CustomProbes/APIImportingExportingTables.htm" />
    <Url
      Source="Output/DevGuide Online/Content/02-CustomProbes/APIAcknowledgements.htm" />
    <Url
      Source="Output/DevGuide Online/Content/02-CustomProbes/APIScriptingExamples.htm" />
    <Url
      Source="Output/DevGuide Online/Content/04-CustomReports/IMDBOverview.htm" />
    <Url
      Source="Output/DevGuide Online/Content/04-CustomReports/DatabaseSchemas.htm" />
    <Url
      Source="Output/DevGuide Online/Content/04-CustomReports/Creating_SQL_Queries.htm" />
    <Url
      Source="Output/DevGuide Online/Content/03-CustomWebPages/customizingwebpages.html" />
    <Url
      Source="Output/DevGuide Online/Content/03-CustomWebPages/targetfiles.html" />
    <Url
      Source="Output/DevGuide Online/Content/03-CustomWebPages/templatefiles.html" />
    <Url
      Source="Output/DevGuide Online/Content/03-CustomWebPages/directives.html" />
    <Url
      Source="Output/DevGuide Online/Content/03-CustomWebPages/quotedlinks.html" />
    <Url
      Source="Output/DevGuide Online/Content/03-CustomWebPages/macros.htm" />
    <Url
      Source="Output/DevGuide Online/Content/03-CustomWebPages/folders.html" />
    <Url
      Source="Output/DevGuide Online/Content/03-CustomWebPages/Mime_Types.htm" />
    <Url
      Source="Output/DevGuide Online/Content/03-CustomWebPages/charts.html" />
    <Url
      Source="Output/DevGuide Online/Content/02-CustomProbes/Using_the_Command_Line_Interface.htm" />
    <Url
      Source="Output/DevGuide Online/Content/images/intermapper_528x154.png" />
    <Url
      Source="Output/DevGuide Online/Content/DevGuideCover.htm" />
    <Url
      Source="Output/DevGuide Online/Content/02-CustomProbes/Custom Probe Overview.htm" />
    <Url
      Source="Output/DevGuide Online/Content/02-CustomProbes/filenames.html" />
    <Url
      Source="Output/DevGuide Online/Data/Synonyms.xml" />
    <Url
      Source="Output/DevGuide Online/Data/Alias.xml" />
    <Url
      Source="Output/DevGuide Online/Data/Toc.xml" />
    <Url
      Source="Output/DevGuide Online/Data/Index_Chunk1.xml" />
    <Url
      Source="Output/DevGuide Online/Data/Index_Chunk2.xml" />
    <Url
      Source="Output/DevGuide Online/Data/Index_Chunk3.xml" />
    <Url
      Source="Output/DevGuide Online/Data/Index_Chunk4.xml" />
    <Url
      Source="Output/DevGuide Online/Data/Index_Chunk5.xml" />
    <Url
      Source="Output/DevGuide Online/Data/Index_Chunk6.xml" />
    <Url
      Source="Output/DevGuide Online/Data/Index_Chunk7.xml" />
    <Url
      Source="Output/DevGuide Online/Data/Index_Chunk8.xml" />
    <Url
      Source="Output/DevGuide Online/Data/Index_Chunk9.xml" />
    <Url
      Source="Output/DevGuide Online/Data/Index.xml" />
    <Url
      Source="Output/DevGuide Online/Data/Concepts.xml" />
    <Url
      Source="Output/DevGuide Online/Data/Search_Chunk1.xml" />
    <Url
      Source="Output/DevGuide Online/Data/Search_Chunk2.xml" />
    <Url
      Source="Output/DevGuide Online/Data/Search_Chunk3.xml" />
    <Url
      Source="Output/DevGuide Online/Data/Search_Chunk4.xml" />
    <Url
      Source="Output/DevGuide Online/Data/Search_Chunk5.xml" />
    <Url
      Source="Output/DevGuide Online/Data/Search_Chunk6.xml" />
    <Url
      Source="Output/DevGuide Online/Data/Search_Chunk7.xml" />
    <Url
      Source="Output/DevGuide Online/Data/Search_Chunk8.xml" />
    <Url
      Source="Output/DevGuide Online/Data/Search_Chunk9.xml" />
    <Url
      Source="Output/DevGuide Online/Data/Search_Chunk10.xml" />
    <Url
      Source="Output/DevGuide Online/Data/Search_Chunk11.xml" />
    <Url
      Source="Output/DevGuide Online/Data/Search_Chunk12.xml" />
    <Url
      Source="Output/DevGuide Online/Data/Search_Chunk13.xml" />
    <Url
      Source="Output/DevGuide Online/Data/Search_Chunk14.xml" />
    <Url
      Source="Output/DevGuide Online/Data/Search_Chunk15.xml" />
    <Url
      Source="Output/DevGuide Online/Data/Search_Chunk16.xml" />
    <Url
      Source="Output/DevGuide Online/Data/Search_Chunk17.xml" />
    <Url
      Source="Output/DevGuide Online/Data/Search_Chunk18.xml" />
    <Url
      Source="Output/DevGuide Online/Data/Search_Chunk19.xml" />
    <Url
      Source="Output/DevGuide Online/Data/Search_Chunk20.xml" />
    <Url
      Source="Output/DevGuide Online/Data/Search_Chunk21.xml" />
    <Url
      Source="Output/DevGuide Online/Data/Search_Chunk22.xml" />
    <Url
      Source="Output/DevGuide Online/Data/Search_Chunk23.xml" />
    <Url
      Source="Output/DevGuide Online/Data/Search_Chunk24.xml" />
    <Url
      Source="Output/DevGuide Online/Data/Search_Chunk25.xml" />
    <Url
      Source="Output/DevGuide Online/Data/Search_Chunk26.xml" />
    <Url
      Source="Output/DevGuide Online/Data/Search_Chunk27.xml" />
    <Url
      Source="Output/DevGuide Online/Data/Search_Chunk28.xml" />
    <Url
      Source="Output/DevGuide Online/Data/Search_Chunk29.xml" />
    <Url
      Source="Output/DevGuide Online/Data/Search_Chunk30.xml" />
    <Url
      Source="Output/DevGuide Online/Data/Search_Chunk31.xml" />
    <Url
      Source="Output/DevGuide Online/Data/Search_Chunk32.xml" />
    <Url
      Source="Output/DevGuide Online/Data/Search_Chunk33.xml" />
    <Url
      Source="Output/DevGuide Online/Data/Search_Chunk34.xml" />
    <Url
      Source="Output/DevGuide Online/Data/Search_Chunk35.xml" />
    <Url
      Source="Output/DevGuide Online/Data/Search_Chunk36.xml" />
    <Url
      Source="Output/DevGuide Online/Data/Search_Chunk37.xml" />
    <Url
      Source="Output/DevGuide Online/Data/Search_Chunk38.xml" />
    <Url
      Source="Output/DevGuide Online/Data/Search_Chunk39.xml" />
    <Url
      Source="Output/DevGuide Online/Data/Search_Chunk40.xml" />
    <Url
      Source="Output/DevGuide Online/Data/Search_Chunk41.xml" />
    <Url
      Source="Output/DevGuide Online/Data/Search_Chunk42.xml" />
    <Url
      Source="Output/DevGuide Online/Data/Search_Chunk43.xml" />
    <Url
      Source="Output/DevGuide Online/Data/Search_Chunk44.xml" />
    <Url
      Source="Output/DevGuide Online/Data/Search_Chunk45.xml" />
    <Url
      Source="Output/DevGuide Online/Data/Search_Chunk46.xml" />
    <Url
      Source="Output/DevGuide Online/Data/Search_Chunk47.xml" />
    <Url
      Source="Output/DevGuide Online/Data/Search_Chunk48.xml" />
    <Url
      Source="Output/DevGuide Online/Data/Search_Chunk49.xml" />
    <Url
      Source="Output/DevGuide Online/Data/Search_Chunk50.xml" />
    <Url
      Source="Output/DevGuide Online/Data/Search_Chunk51.xml" />
    <Url
      Source="Output/DevGuide Online/Data/Search_Chunk52.xml" />
    <Url
      Source="Output/DevGuide Online/Data/Search_Chunk53.xml" />
    <Url
      Source="Output/DevGuide Online/Data/Search_Chunk54.xml" />
    <Url
      Source="Output/DevGuide Online/Data/Search_Chunk55.xml" />
    <Url
      Source="Output/DevGuide Online/Data/Search_Chunk56.xml" />
    <Url
      Source="Output/DevGuide Online/Data/Search_Chunk57.xml" />
    <Url
      Source="Output/DevGuide Online/Data/Search_Chunk58.xml" />
    <Url
      Source="Output/DevGuide Online/Data/Search_Chunk59.xml" />
    <Url
      Source="Output/DevGuide Online/Data/Search_Chunk60.xml" />
    <Url
      Source="Output/DevGuide Online/Data/Search_Chunk61.xml" />
    <Url
      Source="Output/DevGuide Online/Data/Search_Chunk62.xml" />
    <Url
      Source="Output/DevGuide Online/Data/Search_Chunk63.xml" />
    <Url
      Source="Output/DevGuide Online/Data/Search_Chunk64.xml" />
    <Url
      Source="Output/DevGuide Online/Data/Search_Chunk65.xml" />
    <Url
      Source="Output/DevGuide Online/Data/Search_Chunk66.xml" />
    <Url
      Source="Output/DevGuide Online/Data/Search_Chunk67.xml" />
    <Url
      Source="Output/DevGuide Online/Data/Search_Chunk68.xml" />
    <Url
      Source="Output/DevGuide Online/Skin/Blank.htm" />
    <Url
      Source="Output/DevGuide Online/index.html" />
    <Url
      Source="Output/DevGuide Online/Skin/Toolbar.htm" />
    <Url
      Source="Output/DevGuide Online/Skin/Navigation.htm" />
    <Url
      Source="Output/DevGuide Online/Skin/Toc.htm" />
    <Url
      Source="Output/DevGuide Online/Skin/Index.htm" />
    <Url
      Source="Output/DevGuide Online/Skin/Search.htm" />
    <Url
      Source="Output/DevGuide Online/Content/Glossary.xml" />
    <Url
      Source="Output/DevGuide Online/Skin/BrowseSequences.htm" />
    <Url
      Source="Output/DevGuide Online/Skin/Favorites.htm" />
    <Url
      Source="Output/DevGuide Online/Skin/TopicComments.htm" />
    <Url
      Source="Output/DevGuide Online/index.mcwebhelp" />
    <Url
      Source="Output/DevGuide Online/Data/HelpSystem.xml" />
    <Url
      Source="Output/DevGuide Online/index.html" />
  </Files>
  <Skins>
    <Url
      Source="Output/DevGuide Online/Data/SkinNewWindow/Skin.xml" />
  </Skins>
</CatapultTargetOutput>